<?xml version="1.0" encoding="UTF-8"?>
<!-- Generated by org.testng.reporters.JUnitReportReporter -->
<testsuite hostname="Risp" failures="0" tests="3" name="com.vtiger.orgtest.OrgTest" time="0.009" errors="0" timestamp="11 Nov 2024 09:36:45 GMT" skipped="0">
  <testcase classname="com.vtiger.orgtest.OrgTest" name="createOrgWithPhoneNumber" time="0.002"/>
  <testcase classname="com.vtiger.orgtest.OrgTest" name="createOrgWithIndustryType" time="0.002"/>
  <testcase classname="com.vtiger.orgtest.OrgTest" name="createOrgWithManadatoryFields" time="0.005"/>
</testsuite> <!-- com.vtiger.orgtest.OrgTest -->
